<?xml version="1.0" encoding="UTF-8"?>
<!-- Generated by org.testng.reporters.JUnitReportReporter -->
<testsuite hostname="BikashMR" name="com.edureka.testCases.VerifyLogin" tests="1" failures="0"
           timestamp="11 Jun 2019 19:07:07 GMT" time="4.834" errors="0">
    <testcase name="loginCheck" time="4.834" classname="com.edureka.testCases.VerifyLogin"/>
</testsuite> <!-- com.edureka.testCases.VerifyLogin -->
