<?xml version="1.0" encoding="UTF-8"?>
<!-- Generated by org.testng.reporters.JUnitReportReporter -->
<testsuite hostname="BikashMR" name="com.edureka.testCases.RoundTrip" tests="1" failures="0"
           timestamp="11 Jun 2019 19:31:19 GMT" time="36.881" errors="0">
    <testcase name="roundTrip" time="36.881" classname="com.edureka.testCases.RoundTrip"/>
</testsuite> <!-- com.edureka.testCases.RoundTrip -->
