<?xml version="1.0" encoding="UTF-8"?>
<!-- Generated by org.testng.reporters.JUnitReportReporter -->
<testsuite skipped="0" hostname="BikashMR" name="Edureka.TestCases.Apache_POI_TC" tests="1" failures="0" timestamp="23 Mar 2019 16:32:30 GMT" time="8.319" errors="0">
  <testcase name="test" time="8.319" classname="Edureka.TestCases.Apache_POI_TC"/>
</testsuite> <!-- Edureka.TestCases.Apache_POI_TC -->
