<?xml version="1.0" encoding="UTF-8"?>
<!-- Generated by org.testng.reporters.JUnitReportReporter -->
<testsuite hostname="BikashMR" name="com.edureka.testCases.LoginCheck" tests="1" failures="0" timestamp="11 Jun 2019 19:14:23 GMT" time="6.559" errors="0">
  <testcase name="loginCheck" time="6.559" classname="com.edureka.testCases.LoginCheck"/>
</testsuite> <!-- com.edureka.testCases.LoginCheck -->
